Processing the following taxonomy IDs:
['101510', '1032480', '1210088', '1219019', '1219020', '1219027', '1226752', '469371', '471852', '471857']
Check if taxonomy IDs are on strain rank:
Traceback (most recent call last):
  File "/Users/FlorianKramer/Desktop/Debugging/download_proteins_entrez.py", line 459, in <module>
    sys.exit(main())
  File "/Users/FlorianKramer/Desktop/Debugging/download_proteins_entrez.py", line 170, in main
    with Entrez.efetch(db="taxonomy", id=ids_str) as entrez_handle:
  File "/Users/FlorianKramer/Library/Python/3.9/lib/python/site-packages/Bio/Entrez/__init__.py", line 201, in efetch
    return _open(request)
  File "/Users/FlorianKramer/Library/Python/3.9/lib/python/site-packages/Bio/Entrez/__init__.py", line 634, in _open
    handle = urlopen(request)
  File "/Library/Developer/CommandLineTools/Library/Frameworks/Python3.framework/Versions/3.9/lib/python3.9/urllib/request.py", line 214, in urlopen
    return opener.open(url, data, timeout)
  File "/Library/Developer/CommandLineTools/Library/Frameworks/Python3.framework/Versions/3.9/lib/python3.9/urllib/request.py", line 523, in open
    response = meth(req, response)
  File "/Library/Developer/CommandLineTools/Library/Frameworks/Python3.framework/Versions/3.9/lib/python3.9/urllib/request.py", line 632, in http_response
    response = self.parent.error(
  File "/Library/Developer/CommandLineTools/Library/Frameworks/Python3.framework/Versions/3.9/lib/python3.9/urllib/request.py", line 561, in error
    return self._call_chain(*args)
  File "/Library/Developer/CommandLineTools/Library/Frameworks/Python3.framework/Versions/3.9/lib/python3.9/urllib/request.py", line 494, in _call_chain
    result = func(*args)
  File "/Library/Developer/CommandLineTools/Library/Frameworks/Python3.framework/Versions/3.9/lib/python3.9/urllib/request.py", line 641, in http_error_default
    raise HTTPError(req.full_url, code, msg, hdrs, fp)
urllib.error.HTTPError: HTTP Error 400: Bad Request
